--- START DIAGNOSIS (Log File) ---
--- START DIAGNOSIS (CommonJS) ---
Found 5 recent requests.

Request ID: REQ-20260211-2793
Status: ACCEPTED
Electrician ID in Request: ELEC-20260205-1797
  ❌ Electrician ELEC-20260205-1797 NOT FOUND in electricians table.

Request ID: REQ-20260211-3926
Status: ACCEPTED
Electrician ID in Request: ELEC-20260205-1797
  ❌ Electrician ELEC-20260205-1797 NOT FOUND in electricians table.

Request ID: REQ-20260211-8886
Status: ACCEPTED
Electrician ID in Request: ELEC-20260205-1797
  ❌ Electrician ELEC-20260205-1797 NOT FOUND in electricians table.

Request ID: REQ-20260211-4762
Status: ACCEPTED
Electrician ID in Request: ELEC-20260205-1797
  ❌ Electrician ELEC-20260205-1797 NOT FOUND in electricians table.

Request ID: REQ-20260211-9404
Status: ACCEPTED
Electrician ID in Request: ELEC-20260205-1797
  ❌ Electrician ELEC-20260205-1797 NOT FOUND in electricians table.
--- END DIAGNOSIS ---
